<?xml version="1.0" encoding="UTF-8" ?>
<testsuite failures="0" time="108.598" errors="0" skipped="0" tests="28" name="com.agiletec.plugins.jpversioning.AllTests">
  <properties>
    <property name="java.runtime.name" value="Java(TM) SE Runtime Environment"/>
    <property name="sun.boot.library.path" value="/usr/lib/jvm/java-7-oracle/jre/lib/i386"/>
    <property name="java.vm.version" value="24.65-b04"/>
    <property name="java.vm.vendor" value="Oracle Corporation"/>
    <property name="java.vendor.url" value="http://java.oracle.com/"/>
    <property name="path.separator" value=":"/>
    <property name="guice.disable.misplaced.annotation.check" value="true"/>
    <property name="java.vm.name" value="Java HotSpot(TM) Server VM"/>
    <property name="file.encoding.pkg" value="sun.io"/>
    <property name="user.country" value="IT"/>
    <property name="sun.java.launcher" value="SUN_STANDARD"/>
    <property name="sun.os.patch.level" value="unknown"/>
    <property name="java.vm.specification.name" value="Java Virtual Machine Specification"/>
    <property name="user.dir" value="/home/eu/ENTANDO/github_eugeniosant/entando-components"/>
    <property name="java.runtime.version" value="1.7.0_65-b17"/>
    <property name="java.awt.graphicsenv" value="sun.awt.X11GraphicsEnvironment"/>
    <property name="java.endorsed.dirs" value="/usr/lib/jvm/java-7-oracle/jre/lib/endorsed"/>
    <property name="os.arch" value="i386"/>
    <property name="java.io.tmpdir" value="/tmp"/>
    <property name="line.separator" value="
"/>
    <property name="java.vm.specification.vendor" value="Oracle Corporation"/>
    <property name="os.name" value="Linux"/>
    <property name="classworlds.conf" value="/usr/share/maven/bin/m2.conf"/>
    <property name="sun.jnu.encoding" value="UTF-8"/>
    <property name="java.library.path" value="/usr/java/packages/lib/i386:/lib:/usr/lib"/>
    <property name="java.specification.name" value="Java Platform API Specification"/>
    <property name="java.class.version" value="51.0"/>
    <property name="sun.management.compiler" value="HotSpot Tiered Compilers"/>
    <property name="os.version" value="3.11.0-26-generic"/>
    <property name="user.home" value="/home/eu"/>
    <property name="user.timezone" value="Europe/Rome"/>
    <property name="java.awt.printerjob" value="sun.print.PSPrinterJob"/>
    <property name="file.encoding" value="UTF-8"/>
    <property name="java.specification.version" value="1.7"/>
    <property name="user.name" value="eu"/>
    <property name="java.class.path" value="/usr/share/maven/boot/plexus-classworlds-2.x.jar"/>
    <property name="java.vm.specification.version" value="1.7"/>
    <property name="sun.arch.data.model" value="32"/>
    <property name="java.home" value="/usr/lib/jvm/java-7-oracle/jre"/>
    <property name="sun.java.command" value="org.codehaus.plexus.classworlds.launcher.Launcher clean test"/>
    <property name="java.specification.vendor" value="Oracle Corporation"/>
    <property name="user.language" value="it"/>
    <property name="awt.toolkit" value="sun.awt.X11.XToolkit"/>
    <property name="java.vm.info" value="mixed mode"/>
    <property name="java.version" value="1.7.0_65"/>
    <property name="java.ext.dirs" value="/usr/lib/jvm/java-7-oracle/jre/lib/ext:/usr/java/packages/lib/ext"/>
    <property name="securerandom.source" value="file:/dev/./urandom"/>
    <property name="sun.boot.class.path" value="/usr/lib/jvm/java-7-oracle/jre/lib/resources.jar:/usr/lib/jvm/java-7-oracle/jre/lib/rt.jar:/usr/lib/jvm/java-7-oracle/jre/lib/sunrsasign.jar:/usr/lib/jvm/java-7-oracle/jre/lib/jsse.jar:/usr/lib/jvm/java-7-oracle/jre/lib/jce.jar:/usr/lib/jvm/java-7-oracle/jre/lib/charsets.jar:/usr/lib/jvm/java-7-oracle/jre/lib/jfr.jar:/usr/lib/jvm/java-7-oracle/jre/classes"/>
    <property name="java.vendor" value="Oracle Corporation"/>
    <property name="maven.home" value="/usr/share/maven"/>
    <property name="file.separator" value="/"/>
    <property name="java.vendor.url.bug" value="http://bugreport.sun.com/bugreport/"/>
    <property name="sun.cpu.endian" value="little"/>
    <property name="sun.io.unicode.encoding" value="UnicodeLittle"/>
    <property name="sun.desktop" value="gnome"/>
    <property name="sun.cpu.isalist" value=""/>
  </properties>
  <testcase time="47.449" classname="com.agiletec.plugins.jpversioning.aps.system.services.versioning.TestVersioningDAO" name="testGetVersions"/>
  <testcase time="7.495" classname="com.agiletec.plugins.jpversioning.aps.system.services.versioning.TestVersioningDAO" name="testGetLastVersions"/>
  <testcase time="3.118" classname="com.agiletec.plugins.jpversioning.aps.system.services.versioning.TestVersioningDAO" name="testGetVersion"/>
  <testcase time="2.512" classname="com.agiletec.plugins.jpversioning.aps.system.services.versioning.TestVersioningDAO" name="testGetLastVersion"/>
  <testcase time="2.576" classname="com.agiletec.plugins.jpversioning.aps.system.services.versioning.TestVersioningDAO" name="testAddGetDeleteVersion"/>
  <testcase time="2.3" classname="com.agiletec.plugins.jpversioning.aps.system.services.versioning.TestVersioningManager" name="testGetVersions"/>
  <testcase time="2.621" classname="com.agiletec.plugins.jpversioning.aps.system.services.versioning.TestVersioningManager" name="testGetLastVersions"/>
  <testcase time="2.344" classname="com.agiletec.plugins.jpversioning.aps.system.services.versioning.TestVersioningManager" name="testGetVersion"/>
  <testcase time="2.777" classname="com.agiletec.plugins.jpversioning.aps.system.services.versioning.TestVersioningManager" name="testGetLastVersion"/>
  <testcase time="2.478" classname="com.agiletec.plugins.jpversioning.aps.system.services.versioning.TestVersioningManager" name="testSaveGetDeleteVersion"/>
  <testcase time="2.284" classname="com.agiletec.plugins.jpversioning.aps.system.services.resource.TestTrashedResourceDAO" name="testGetTrashedResource"/>
  <testcase time="2.449" classname="com.agiletec.plugins.jpversioning.aps.system.services.resource.TestTrashedResourceDAO" name="testAddGetDel_TrashedResource"/>
  <testcase time="2.687" classname="com.agiletec.plugins.jpversioning.aps.system.services.resource.TestTrashedResourceDAO" name="testSearchTrashedResourceIds"/>
  <testcase time="2.375" classname="com.agiletec.plugins.jpversioning.aps.system.services.resource.TestTrashedResourceManager" name="testSearchTrashedResourceIds"/>
  <testcase time="2.689" classname="com.agiletec.plugins.jpversioning.aps.system.services.resource.TestTrashedResourceManager" name="testAdd_Trash_LoadFromTrash_RemoveFromTrash"/>
  <testcase time="2.767" classname="com.agiletec.plugins.jpversioning.aps.system.services.resource.TestTrashedResourceManager" name="testAdd_Trash_RestoreResource_DeleteFromArchive"/>
  <testcase time="6.425" classname="com.agiletec.plugins.jpversioning.apsadmin.resource.TestTrashedResourceAction" name="testInit"/>
  <testcase time="1.455" classname="com.agiletec.plugins.jpversioning.apsadmin.resource.TestTrashedResourceAction" name="testGetTrashedResources"/>
  <testcase time="1.24" classname="com.agiletec.plugins.jpversioning.apsadmin.resource.TestTrashedResourceAction" name="testList"/>
  <testcase time="1.603" classname="com.agiletec.plugins.jpversioning.apsadmin.resource.TestTrashedResourceAction" name="testRemoveFromTrash"/>
  <testcase time="0.912" classname="com.agiletec.plugins.jpversioning.apsadmin.resource.TestTrashedResourceAction" name="testRestoreFromTrash"/>
  <testcase time="1.045" classname="com.agiletec.plugins.jpversioning.apsadmin.versioning.TestVersionFinderAction" name="testList"/>
  <testcase time="0.817" classname="com.agiletec.plugins.jpversioning.apsadmin.versioning.TestVersionFinderAction" name="testSearch"/>
  <testcase time="0.954" classname="com.agiletec.plugins.jpversioning.apsadmin.versioning.TestVersionAction" name="testHistory"/>
  <testcase time="0.888" classname="com.agiletec.plugins.jpversioning.apsadmin.versioning.TestVersionAction" name="testTrash"/>
  <testcase time="0.744" classname="com.agiletec.plugins.jpversioning.apsadmin.versioning.TestVersionAction" name="testDelete"/>
  <testcase time="0.808" classname="com.agiletec.plugins.jpversioning.apsadmin.versioning.TestVersionAction" name="testPreview"/>
  <testcase time="0.786" classname="com.agiletec.plugins.jpversioning.apsadmin.versioning.TestVersionAction" name="testEntryRecover"/>
</testsuite>